# JRE version: Java(TM) SE Runtime Environment 18.9 (11.0.10+8) (build 11.0.10+8-LTS-162)
# Java VM: Java HotSpot(TM) 64-Bit Server VM 18.9 (11.0.10+8-LTS-162, mixed mode, tiered, compressed oops, g1 gc, bsd-amd64)
Heap:
 garbage-first heap   total 197632K, used 34101K [0x0000000780000000, 0x0000000800000000)
  region size 1024K, 12 young (12288K), 6 survivors (6144K)
 Metaspace       used 37985K, capacity 39410K, committed 39680K, reserved 1083392K
  class space    used 4490K, capacity 5066K, committed 5120K, reserved 1048576K
GC Heap History (10 events):
Event: 39.289 GC heap before
{Heap before GC invocations=8 (full 0):
 garbage-first heap   total 197632K, used 168549K [0x0000000780000000, 0x0000000800000000)
  region size 1024K, 22 young (22528K), 3 survivors (3072K)
 Metaspace       used 35436K, capacity 36697K, committed 36992K, reserved 1081344K
  class space    used 4409K, capacity 4963K, committed 4992K, reserved 1048576K
}
Event: 39.298 GC heap after
{Heap after GC invocations=9 (full 0):
 garbage-first heap   total 197632K, used 151345K [0x0000000780000000, 0x0000000800000000)
  region size 1024K, 3 young (3072K), 3 survivors (3072K)
 Metaspace       used 35436K, capacity 36697K, committed 36992K, reserved 1081344K
  class space    used 4409K, capacity 4963K, committed 4992K, reserved 1048576K
}
Event: 47.326 GC heap before
{Heap before GC invocations=10 (full 0):
 garbage-first heap   total 197632K, used 103217K [0x0000000780000000, 0x0000000800000000)
  region size 1024K, 20 young (20480K), 3 survivors (3072K)
 Metaspace       used 35869K, capacity 37182K, committed 37248K, reserved 1081344K
  class space    used 4418K, capacity 4980K, committed 4992K, reserved 1048576K
}
Event: 47.333 GC heap after
{Heap after GC invocations=11 (full 0):
 garbage-first heap   total 197632K, used 86584K [0x0000000780000000, 0x0000000800000000)
  region size 1024K, 1 young (1024K), 1 survivors (1024K)
 Metaspace       used 35869K, capacity 37182K, committed 37248K, reserved 1081344K
  class space    used 4418K, capacity 4980K, committed 4992K, reserved 1048576K
}
Event: 69.140 GC heap before
{Heap before GC invocations=11 (full 0):
 garbage-first heap   total 197632K, used 145976K [0x0000000780000000, 0x0000000800000000)
  region size 1024K, 58 young (59392K), 1 survivors (1024K)
 Metaspace       used 37250K, capacity 38591K, committed 38656K, reserved 1083392K
  class space    used 4475K, capacity 5055K, committed 5120K, reserved 1048576K
}
Event: 69.155 GC heap after
{Heap after GC invocations=12 (full 0):
 garbage-first heap   total 197632K, used 91115K [0x0000000780000000, 0x0000000800000000)
  region size 1024K, 6 young (6144K), 6 survivors (6144K)
 Metaspace       used 37250K, capacity 38591K, committed 38656K, reserved 1083392K
  class space    used 4475K, capacity 5055K, committed 5120K, reserved 1048576K
}
Event: 109.911 GC heap before
{Heap before GC invocations=12 (full 0):
 garbage-first heap   total 197632K, used 151531K [0x0000000780000000, 0x0000000800000000)
  region size 1024K, 65 young (66560K), 6 survivors (6144K)
 Metaspace       used 37716K, capacity 39128K, committed 39424K, reserved 1083392K
  class space    used 4481K, capacity 5056K, committed 5120K, reserved 1048576K
}
Event: 109.923 GC heap after
{Heap after GC invocations=13 (full 0):
 garbage-first heap   total 197632K, used 93766K [0x0000000780000000, 0x0000000800000000)
  region size 1024K, 3 young (3072K), 3 survivors (3072K)
 Metaspace       used 37716K, capacity 39128K, committed 39424K, reserved 1083392K
  class space    used 4481K, capacity 5056K, committed 5120K, reserved 1048576K
}
Event: 191.218 GC heap before
{Heap before GC invocations=13 (full 0):
 garbage-first heap   total 197632K, used 157254K [0x0000000780000000, 0x0000000800000000)
  region size 1024K, 65 young (66560K), 3 survivors (3072K)
 Metaspace       used 37963K, capacity 39346K, committed 39424K, reserved 1083392K
  class space    used 4490K, capacity 5066K, committed 5120K, reserved 1048576K
}
Event: 191.230 GC heap after
{Heap after GC invocations=14 (full 0):
 garbage-first heap   total 197632K, used 96565K [0x0000000780000000, 0x0000000800000000)
  region size 1024K, 6 young (6144K), 6 survivors (6144K)
 Metaspace       used 37963K, capacity 39346K, committed 39424K, reserved 1083392K
  class space    used 4490K, capacity 5066K, committed 5120K, reserved 1048576K
}

